     1 00000000                                 [FORMAT "WCOFF"]
     2 00000000                                 [INSTRSET "i486p"]
     3 00000000                                 [BITS 32]
     4 00000000                                 [FILE "naskfunc.nas"]
     5 00000000                                 		GLOBAL _io_hlt, _io_cli, _io_sti, _io_stihlt
     6 00000000                                 		GLOBAL _io_in8, _io_in16, _io_in32
     7 00000000                                 		GLOBAL _io_out8, _io_out16, _io_out32
     8 00000000                                 		GLOBAL _io_load_eflags, _io_store_eflags
     9 00000000                                 		GLOBAL _load_gdtr, _load_idtr
    10 00000000                                 		GLOBAL _load_cr0, _store_cr0
    11 00000000                                 		GLOBAL _asm_inthandler20, _asm_inthandler21
    12 00000000                                 		GLOBAL _asm_inthandler27, _asm_inthandler2c
    13 00000000                                 		GLOBAL _memtest_sub
    14 00000000                                 		EXTERN _inthandler20, _inthandler21
    15 00000000                                 		EXTERN _inthandler27, _inthandler2c
    16 00000000                                 
    17                                          [SECTION .text]
    18 00000000                                 _io_hlt:
    19 00000000 F4                              		HLT
    20 00000001 C3                              		RET
    21 00000002                                 
    22 00000002                                 _io_cli:
    23 00000002 FA                              		CLI
    24 00000003 C3                              		RET
    25 00000004                                 
    26 00000004                                 _io_sti:
    27 00000004 FB                              		STI
    28 00000005 C3                              		RET
    29 00000006                                 
    30 00000006                                 _io_stihlt:
    31 00000006 FB                              		STI
    32 00000007 F4                              		HLT
    33 00000008 C3                              		RET
    34 00000009                                 
    35 00000009                                 _io_in8:
    36 00000009 8B 54 24 04                     		MOV		EDX,[ESP+4]
    37 0000000D B8 00000000                     		MOV		EAX,0
    38 00000012 EC                              		IN		AL,DX
    39 00000013 C3                              		RET
    40 00000014                                 
    41 00000014                                 _io_in16:
    42 00000014 8B 54 24 04                     		MOV		EDX,[ESP+4]
    43 00000018 B8 00000000                     		MOV		EAX,0
    44 0000001D 66 ED                           		IN		AX,DX
    45 0000001F C3                              		RET
    46 00000020                                 
    47 00000020                                 _io_in32:
    48 00000020 8B 54 24 04                     		MOV		EDX,[ESP+4]
    49 00000024 ED                              		IN		EAX,DX
    50 00000025 C3                              		RET
    51 00000026                                 
    52 00000026                                 _io_out8:
    53 00000026 8B 54 24 04                     		MOV		EDX,[ESP+4]
    54 0000002A 8A 44 24 08                     		MOV		AL,[ESP+8]
    55 0000002E EE                              		OUT		DX,AL
    56 0000002F C3                              		RET
    57 00000030                                 
    58 00000030                                 _io_out16:
    59 00000030 8B 54 24 04                     		MOV		EDX,[ESP+4]
    60 00000034 8B 44 24 08                     		MOV		EAX,[ESP+8]
    61 00000038 66 EF                           		OUT		DX,AX
    62 0000003A C3                              		RET
    63 0000003B                                 
    64 0000003B                                 _io_out32:
    65 0000003B 8B 54 24 04                     		MOV		EDX,[ESP+4]
    66 0000003F 8B 44 24 08                     		MOV		EAX,[ESP+8]
    67 00000043 EF                              		OUT		DX,EAX
    68 00000044 C3                              		RET
    69 00000045                                 
    70 00000045                                 _io_load_eflags:
    71 00000045 9C                              		PUSHFD
    72 00000046 58                              		POP		EAX
    73 00000047 C3                              		RET
    74 00000048                                 
    75 00000048                                 _io_store_eflags:
    76 00000048 8B 44 24 04                     		MOV		EAX,[ESP+4]
    77 0000004C 50                              		PUSH	EAX
    78 0000004D 9D                              		POPFD
    79 0000004E C3                              		RET
    80 0000004F                                 
    81 0000004F                                 _load_gdtr:
    82 0000004F 66 8B 44 24 04                  		MOV		AX,[ESP+4]
    83 00000054 66 89 44 24 06                  		MOV		[ESP+6],AX
    84 00000059 0F 01 54 24 06                  		LGDT	[ESP+6]
    85 0000005E C3                              		RET
    86 0000005F                                 
    87 0000005F                                 _load_idtr:
    88 0000005F 66 8B 44 24 04                  		MOV		AX,[ESP+4]
    89 00000064 66 89 44 24 06                  		MOV		[ESP+6],AX
    90 00000069 0F 01 5C 24 06                  		LIDT	[ESP+6]
    91 0000006E C3                              		RET
    92 0000006F                                 
    93 0000006F                                 _load_cr0:
    94 0000006F 0F 20 C0                        		MOV		EAX,CR0
    95 00000072 C3                              		RET
    96 00000073                                 
    97 00000073                                 _store_cr0:
    98 00000073 8B 44 24 04                     		MOV		EAX,[ESP+4]
    99 00000077 0F 22 C0                        		MOV		CR0,EAX
   100 0000007A C3                              		RET
   101 0000007B                                 
   102 0000007B                                 _asm_inthandler20:
   103 0000007B 06                              		PUSH	ES
   104 0000007C 1E                              		PUSH	DS
   105 0000007D 60                              		PUSHAD
   106 0000007E 89 E0                           		MOV		EAX,ESP
   107 00000080 50                              		PUSH	EAX
   108 00000081 66 8C D0                        		MOV		AX,SS
   109 00000084 8E D8                           		MOV		DS,AX
   110 00000086 8E C0                           		MOV		ES,AX
   111 00000088 E8 [00000000]                   		CALL	_inthandler20
   112 0000008D 58                              		POP		EAX
   113 0000008E 61                              		POPAD
   114 0000008F 1F                              		POP		DS
   115 00000090 07                              		POP		ES
   116 00000091 CF                              		IRETD
   117 00000092                                 
   118 00000092                                 _asm_inthandler21:
   119 00000092 06                              		PUSH	ES
   120 00000093 1E                              		PUSH	DS
   121 00000094 60                              		PUSHAD
   122 00000095 89 E0                           		MOV		EAX,ESP
   123 00000097 50                              		PUSH	EAX
   124 00000098 66 8C D0                        		MOV		AX,SS
   125 0000009B 8E D8                           		MOV		DS,AX
   126 0000009D 8E C0                           		MOV		ES,AX
   127 0000009F E8 [00000000]                   		CALL	_inthandler21
   128 000000A4 58                              		POP		EAX
   129 000000A5 61                              		POPAD
   130 000000A6 1F                              		POP		DS
   131 000000A7 07                              		POP		ES
   132 000000A8 CF                              		IRETD
   133 000000A9                                 
   134 000000A9                                 _asm_inthandler27:
   135 000000A9 06                              		PUSH	ES
   136 000000AA 1E                              		PUSH	DS
   137 000000AB 60                              		PUSHAD
   138 000000AC 89 E0                           		MOV		EAX,ESP
   139 000000AE 50                              		PUSH	EAX
   140 000000AF 66 8C D0                        		MOV		AX,SS
   141 000000B2 8E D8                           		MOV		DS,AX
   142 000000B4 8E C0                           		MOV		ES,AX
   143 000000B6 E8 [00000000]                   		CALL	_inthandler27
   144 000000BB 58                              		POP		EAX
   145 000000BC 61                              		POPAD
   146 000000BD 1F                              		POP		DS
   147 000000BE 07                              		POP		ES
   148 000000BF CF                              		IRETD
   149 000000C0                                 
   150 000000C0                                 _asm_inthandler2c:
   151 000000C0 06                              		PUSH	ES
   152 000000C1 1E                              		PUSH	DS
   153 000000C2 60                              		PUSHAD
   154 000000C3 89 E0                           		MOV		EAX,ESP
   155 000000C5 50                              		PUSH	EAX
   156 000000C6 66 8C D0                        		MOV		AX,SS
   157 000000C9 8E D8                           		MOV		DS,AX
   158 000000CB 8E C0                           		MOV		ES,AX
   159 000000CD E8 [00000000]                   		CALL	_inthandler2c
   160 000000D2 58                              		POP		EAX
   161 000000D3 61                              		POPAD
   162 000000D4 1F                              		POP		DS
   163 000000D5 07                              		POP		ES
   164 000000D6 CF                              		IRETD
   165 000000D7                                 
   166 000000D7                                 _memtest_sub:
   167 000000D7 57                              		PUSH	EDI
   168 000000D8 56                              		PUSH	ESI
   169 000000D9 53                              		PUSH	EBX
   170 000000DA BE AA55AA55                     		MOV		ESI,0xaa55aa55
   171 000000DF BF 55AA55AA                     		MOV		EDI,0x55aa55aa
   172 000000E4 8B 44 24 10                     		MOV		EAX,[ESP+12+4]
   173 000000E8                                 mts_loop:
   174 000000E8 89 C3                           		MOV		EBX,EAX
   175 000000EA 81 C3 00000FFC                  		ADD		EBX,0xffc
   176 000000F0 8B 13                           		MOV		EDX,[EBX]
   177 000000F2 89 33                           		MOV		[EBX],ESI
   178 000000F4 83 33 FF                        		XOR		DWORD [EBX],0xffffffff
   179 000000F7 3B 3B                           		CMP		EDI,[EBX]
   180 000000F9 75 18                           		JNE		mts_fin
   181 000000FB 83 33 FF                        		XOR		DWORD [EBX],0xffffffff
   182 000000FE 3B 33                           		CMP		ESI,[EBX]
   183 00000100 75 11                           		JNE		mts_fin
   184 00000102 89 13                           		MOV		[EBX],EDX
   185 00000104 05 00001000                     		ADD		EAX,0x1000
   186 00000109 3B 44 24 14                     		CMP		EAX,[ESP+12+8]
   187 0000010D 76 D9                           		JBE		mts_loop
   188 0000010F 5B                              		POP		EBX
   189 00000110 5E                              		POP		ESI
   190 00000111 5F                              		POP		EDI
   191 00000112 C3                              		RET
   192 00000113                                 mts_fin:
   193 00000113 89 13                           		MOV		[EBX],EDX
   194 00000115 5B                              		POP		EBX
   195 00000116 5E                              		POP		ESI
   196 00000117 5F                              		POP		EDI
   197 00000118 C3                              		RET
